#
# There is insufficient memory for the Java Runtime Environment to continue.
# Native memory allocation (malloc) failed to allocate 1048576 bytes for AllocateHeap
# Possible reasons:
#   The system is out of physical RAM or swap space
#   In 32 bit mode, the process size limit was hit
# Possible solutions:
#   Reduce memory load on the system
#   Increase physical memory or swap space
#   Check if swap backing store is full
#   Use 64 bit Java on a 64 bit OS
#   Decrease Java heap size (-Xmx/-Xms)
#   Decrease number of Java threads
#   Decrease Java thread stack sizes (-Xss)
#   Set larger code cache with -XX:ReservedCodeCacheSize=
# This output file may be truncated or incomplete.
#
#  Out of Memory Error (memory/allocation.inline.hpp:61), pid=88416, tid=73144
#
# JRE version:  (8.0_45-b15) (build )
# Java VM: Java HotSpot(TM) 64-Bit Server VM (25.45-b02 mixed mode windows-amd64 compressed oops)
# Failed to write core dump. Minidumps are not enabled by default on client versions of Windows
#

---------------  T H R E A D  ---------------

Current thread (0x0000000002bf0800):  JavaThread "Unknown thread" [_thread_in_vm, id=73144, stack(0x0000000002df0000,0x0000000002ef0000)]

Stack: [0x0000000002df0000,0x0000000002ef0000]
Native frames: (J=compiled Java code, j=interpreted, Vv=VM code, C=native code)
V  [jvm.dll+0x32b57a]


---------------  P R O C E S S  ---------------

Java Threads: ( => current thread )

Other Threads:

=>0x0000000002bf0800 (exited) JavaThread "Unknown thread" [_thread_in_vm, id=73144, stack(0x0000000002df0000,0x0000000002ef0000)]

VM state:not at safepoint (normal execution)

VM Mutex/Monitor currently owned by a thread: None

Heap:
 PSYoungGen      total 36864K, used 634K [0x00000000eab00000, 0x00000000ed400000, 0x0000000100000000)
  eden space 31744K, 2% used [0x00000000eab00000,0x00000000eab9eb90,0x00000000eca00000)
  from space 5120K, 0% used [0x00000000ecf00000,0x00000000ecf00000,0x00000000ed400000)
  to   space 5120K, 0% used [0x00000000eca00000,0x00000000eca00000,0x00000000ecf00000)
 ParOldGen       total 84992K, used 0K [0x00000000c0000000, 0x00000000c5300000, 0x00000000eab00000)
  object space 84992K, 0% used [0x00000000c0000000,0x00000000c0000000,0x00000000c5300000)
 Metaspace       used 766K, capacity 4480K, committed 4480K, reserved 1056768K
  class space    used 75K, capacity 384K, committed 384K, reserved 1048576K

Card table byte_map: [0x0000000012560000,0x0000000012770000] byte_map_base: 0x0000000011f60000

Marking Bits: (ParMarkBitMap*) 0x0000000055d54040
 Begin Bits: [0x0000000012cd0000, 0x0000000013cd0000)
 End Bits:   [0x0000000013cd0000, 0x0000000014cd0000)

Polling page: 0x00000000011a0000

CodeCache: size=245760Kb used=328Kb max_used=328Kb free=245431Kb
 bounds [0x00000000030a0000, 0x0000000003310000, 0x00000000120a0000]
 total_blobs=57 nmethods=0 adapters=37
 compilation: enabled

Compilation events (0 events):
No events

GC Heap History (0 events):
No events

Deoptimization events (0 events):
No events

Internal exceptions (0 events):
No events

Events (10 events):
Event: 0.526 loading class java/lang/Short
Event: 0.527 loading class java/lang/Short done
Event: 0.527 loading class java/lang/Integer
Event: 0.527 loading class java/lang/Integer done
Event: 0.527 loading class java/lang/Long
Event: 0.527 loading class java/lang/Long done
Event: 0.528 loading class java/lang/NullPointerException
Event: 0.528 loading class java/lang/NullPointerException done
Event: 0.528 loading class java/lang/ArithmeticException
Event: 0.528 loading class java/lang/ArithmeticException done


Dynamic libraries:
0x00007ff79ffe0000 - 0x00007ff7a0017000 	E:\Java\jdk1.8.0_45\bin\java.exe
0x00007fff9fc90000 - 0x00007fff9fe51000 	C:\WINDOWS\SYSTEM32\ntdll.dll
0x00007fff9f620000 - 0x00007fff9f6cd000 	C:\WINDOWS\system32\KERNEL32.DLL
0x00007fff9c4f0000 - 0x00007fff9c6d8000 	C:\WINDOWS\system32\KERNELBASE.dll
0x00007fff9dad0000 - 0x00007fff9db77000 	C:\WINDOWS\system32\ADVAPI32.dll
0x00007fff9fa00000 - 0x00007fff9fa9d000 	C:\WINDOWS\system32\msvcrt.dll
0x00007fff9fbc0000 - 0x00007fff9fc1b000 	C:\WINDOWS\system32\sechost.dll
0x00007fff9faa0000 - 0x00007fff9fbbc000 	C:\WINDOWS\system32\RPCRT4.dll
0x00007fff9d970000 - 0x00007fff9dac6000 	C:\WINDOWS\system32\USER32.dll
0x00007fff9f6d0000 - 0x00007fff9f856000 	C:\WINDOWS\system32\GDI32.dll
0x00007fff98390000 - 0x00007fff98604000 	C:\WINDOWS\WinSxS\amd64_microsoft.windows.common-controls_6595b64144ccf1df_6.0.10586.494_none_a2d8b04ea53e3145\COMCTL32.dll
0x00007fff9d640000 - 0x00007fff9d8bd000 	C:\WINDOWS\system32\combase.dll
0x00007fff9c340000 - 0x00007fff9c3aa000 	C:\WINDOWS\system32\bcryptPrimitives.dll
0x00007fff9d920000 - 0x00007fff9d95b000 	C:\WINDOWS\system32\IMM32.DLL
0x00007fff7f130000 - 0x00007fff7f1a3000 	C:\Program Files\BLDBaseService\BLDBaseService64.dll
0x00007fff9df10000 - 0x00007fff9f46c000 	C:\WINDOWS\system32\SHELL32.dll
0x00007fff9c6e0000 - 0x00007fff9c723000 	C:\WINDOWS\system32\cfgmgr32.dll
0x00007fff9c810000 - 0x00007fff9ce55000 	C:\WINDOWS\system32\windows.storage.dll
0x00007fff9d8c0000 - 0x00007fff9d912000 	C:\WINDOWS\system32\shlwapi.dll
0x00007fff9c300000 - 0x00007fff9c30f000 	C:\WINDOWS\system32\kernel.appcore.dll
0x00007fff9c750000 - 0x00007fff9c805000 	C:\WINDOWS\system32\shcore.dll
0x00007fff9c2b0000 - 0x00007fff9c2fb000 	C:\WINDOWS\system32\powrprof.dll
0x00007fff9c310000 - 0x00007fff9c324000 	C:\WINDOWS\system32\profapi.dll
0x00007fff9dbe0000 - 0x00007fff9dd23000 	C:\WINDOWS\system32\ole32.dll
0x00007fff9dd30000 - 0x00007fff9ddf1000 	C:\WINDOWS\system32\OLEAUT32.dll
0x00007fff9f870000 - 0x00007fff9f8db000 	C:\WINDOWS\system32\WS2_32.dll
0x00007fff9c730000 - 0x00007fff9c747000 	C:\WINDOWS\system32\NETAPI32.dll
0x00007fff8f5b0000 - 0x00007fff8f89b000 	C:\WINDOWS\SYSTEM32\WININET.dll
0x00007fff97190000 - 0x00007fff971c8000 	C:\WINDOWS\SYSTEM32\IPHLPAPI.DLL
0x00007fff8c860000 - 0x00007fff8ca17000 	C:\WINDOWS\SYSTEM32\urlmon.dll
0x00007fff90720000 - 0x00007fff90aa4000 	C:\WINDOWS\SYSTEM32\iertutil.dll
0x00007fff7efe0000 - 0x00007fff7f12b000 	C:\Program Files (x86)\HomeSafe\homesafe64.dll
0x0000000056040000 - 0x0000000056112000 	E:\Java\jdk1.8.0_45\jre\bin\msvcr100.dll
0x0000000055550000 - 0x0000000055dd3000 	E:\Java\jdk1.8.0_45\jre\bin\server\jvm.dll
0x00007fff9fc80000 - 0x00007fff9fc88000 	C:\WINDOWS\system32\PSAPI.DLL
0x00007fff96ad0000 - 0x00007fff96ad9000 	C:\WINDOWS\SYSTEM32\WSOCK32.dll
0x00007fff99840000 - 0x00007fff99863000 	C:\WINDOWS\SYSTEM32\WINMM.dll
0x00007fff99010000 - 0x00007fff9901a000 	C:\WINDOWS\SYSTEM32\VERSION.dll
0x00007fff99810000 - 0x00007fff9983c000 	C:\WINDOWS\SYSTEM32\WINMMBASE.dll
0x00000000564b0000 - 0x00000000564bf000 	E:\Java\jdk1.8.0_45\jre\bin\verify.dll
0x0000000056480000 - 0x00000000564a9000 	E:\Java\jdk1.8.0_45\jre\bin\java.dll
0x0000000056460000 - 0x0000000056476000 	E:\Java\jdk1.8.0_45\jre\bin\zip.dll

VM Arguments:
jvm_args: -Xmx1024M -Dfile.encoding=GBK -Duser.country=CN -Duser.language=zh -Duser.variant 
java_command: com.android.dx.command.Main --dex --num-threads=4 --output D:\puzzle\app\build\intermediates\pre-dexed\debug\classes-cdb19f258e33e3d408662814eb409ef84a7c3555.jar D:\puzzle\app\build\intermediates\exploded-aar\com.android.support\appcompat-v7\23.2.1\jars\classes.jar
java_class_path (initial): E:\androidSDK\build-tools\23.0.3\lib\dx.jar
Launcher Type: SUN_STANDARD

Environment Variables:
JAVA_HOME=E:\Java\jdk1.8.0_45
CLASSPATH=.;E:\Java\jdk1.8.0_45\lib\dt.jar;E:\Java\jdk1.8.0_45\lib\tools.jar;
PATH=C:\WINDOWS\system32;C:\WINDOWS;C:\WINDOWS\System32\Wbem;C:\WINDOWS\System32\WindowsPowerShell\v1.0\;E:\MinGW\bin;.;E:\Java\jdk1.8.0_45\bin;E:\Java\jdk1.8.0_45\jre\bin;E:\MySQL\MySQL Server 5.5\bin;C:\Program Files\Microsoft SQL Server\110\DTS\Binn\;C:\Program Files (x86)\Microsoft SQL Server\110\Tools\Binn\;C:\Program Files\Microsoft SQL Server\110\Tools\Binn\;C:\Program Files (x86)\Microsoft SQL Server\110\Tools\Binn\ManagementStudio\;C:\Program Files (x86)\Microsoft Visual Studio 10.0\Common7\IDE\PrivateAssemblies\;C:\Program Files (x86)\Microsoft SQL Server\110\DTS\Binn\
USERNAME=Katherine-qj
OS=Windows_NT
PROCESSOR_IDENTIFIER=Intel64 Family 6 Model 60 Stepping 3, GenuineIntel



---------------  S Y S T E M  ---------------

OS: Windows 10.0 , 64 bit Build 10586 (10.0.10586.0)

CPU:total 4 (2 cores per cpu, 2 threads per core) family 6 model 60 stepping 3, cmov, cx8, fxsr, mmx, sse, sse2, sse3, ssse3, sse4.1, sse4.2, popcnt, avx, avx2, aes, clmul, erms, lzcnt, ht, tsc, tscinvbit, bmi1, bmi2

Memory: 4k page, physical 8096224k(1663400k free), swap 8629512k(0k free)

vm_info: Java HotSpot(TM) 64-Bit Server VM (25.45-b02) for windows-amd64 JRE (1.8.0_45-b15), built on Apr 30 2015 12:40:44 by "java_re" with MS VC++ 10.0 (VS2010)

time: Wed Aug 17 22:10:46 2016
elapsed time: 0 seconds (0d 0h 0m 0s)

