#
# There is insufficient memory for the Java Runtime Environment to continue.
# Native memory allocation (malloc) failed to allocate 1199216 bytes for Chunk::new
# Possible reasons:
#   The system is out of physical RAM or swap space
#   In 32 bit mode, the process size limit was hit
# Possible solutions:
#   Reduce memory load on the system
#   Increase physical memory or swap space
#   Check if swap backing store is full
#   Use 64 bit Java on a 64 bit OS
#   Decrease Java heap size (-Xmx/-Xms)
#   Decrease number of Java threads
#   Decrease Java thread stack sizes (-Xss)
#   Set larger code cache with -XX:ReservedCodeCacheSize=
# This output file may be truncated or incomplete.
#
#  Out of Memory Error (allocation.cpp:390), pid=89228, tid=88456
#
# JRE version: Java(TM) SE Runtime Environment (8.0_45-b15) (build 1.8.0_45-b15)
# Java VM: Java HotSpot(TM) 64-Bit Server VM (25.45-b02 mixed mode windows-amd64 compressed oops)
# Failed to write core dump. Minidumps are not enabled by default on client versions of Windows
#

---------------  T H R E A D  ---------------

Current thread (0x00000000165de800):  JavaThread "C2 CompilerThread1" daemon [_thread_in_native, id=88456, stack(0x00000000169a0000,0x0000000016aa0000)]

Stack: [0x00000000169a0000,0x0000000016aa0000]
Native frames: (J=compiled Java code, j=interpreted, Vv=VM code, C=native code)
V  [jvm.dll+0x32b57a]
V  [jvm.dll+0x279873]
V  [jvm.dll+0x27a509]
V  [jvm.dll+0x271825]
V  [jvm.dll+0xcb9e2]
V  [jvm.dll+0xcbeac]
V  [jvm.dll+0x476ef2]
V  [jvm.dll+0x4b955f]
V  [jvm.dll+0x46bf81]
V  [jvm.dll+0x46ccbe]
V  [jvm.dll+0x4500f2]
V  [jvm.dll+0xa4352]
V  [jvm.dll+0xa4c8f]
V  [jvm.dll+0x241984]
V  [jvm.dll+0x29853a]
C  [msvcr100.dll+0x21d9f]
C  [msvcr100.dll+0x21e3b]
C  [KERNEL32.DLL+0x18102]
C  [ntdll.dll+0x5c5b4]


Current CompileTask:
C2:   9251 2365       4       com.android.dx.dex.code.OutputFinisher::addConstants (93 bytes)


---------------  P R O C E S S  ---------------

Java Threads: ( => current thread )
  0x0000000016600800 JavaThread "Service Thread" daemon [_thread_blocked, id=88068, stack(0x0000000016ba0000,0x0000000016ca0000)]
  0x00000000165fb800 JavaThread "C1 CompilerThread2" daemon [_thread_blocked, id=86432, stack(0x0000000016aa0000,0x0000000016ba0000)]
=>0x00000000165de800 JavaThread "C2 CompilerThread1" daemon [_thread_in_native, id=88456, stack(0x00000000169a0000,0x0000000016aa0000)]
  0x0000000014fab000 JavaThread "C2 CompilerThread0" daemon [_thread_in_native, id=88328, stack(0x00000000164a0000,0x00000000165a0000)]
  0x0000000014f5f000 JavaThread "Attach Listener" daemon [_thread_blocked, id=87516, stack(0x00000000163a0000,0x00000000164a0000)]
  0x0000000014f48800 JavaThread "Signal Dispatcher" daemon [_thread_blocked, id=86020, stack(0x00000000162a0000,0x00000000163a0000)]
  0x00000000021c0800 JavaThread "Finalizer" daemon [_thread_blocked, id=89424, stack(0x00000000161a0000,0x00000000162a0000)]
  0x00000000021bd000 JavaThread "Reference Handler" daemon [_thread_blocked, id=89420, stack(0x00000000160a0000,0x00000000161a0000)]
  0x00000000020d0800 JavaThread "main" [_thread_in_Java, id=89092, stack(0x0000000002780000,0x0000000002880000)]

Other Threads:
  0x0000000014f18000 VMThread [stack: 0x0000000015fa0000,0x00000000160a0000] [id=85552]
  0x0000000016602800 WatcherThread [stack: 0x0000000016ca0000,0x0000000016da0000] [id=88052]

VM state:not at safepoint (normal execution)

VM Mutex/Monitor currently owned by a thread: None

Heap:
 PSYoungGen      total 272384K, used 44655K [0x00000000eab00000, 0x00000000fe900000, 0x0000000100000000)
  eden space 242176K, 5% used [0x00000000eab00000,0x00000000eb920048,0x00000000f9780000)
  from space 30208K, 99% used [0x00000000fbc80000,0x00000000fd9fbed8,0x00000000fda00000)
  to   space 37888K, 0% used [0x00000000f9780000,0x00000000f9780000,0x00000000fbc80000)
 ParOldGen       total 84992K, used 45233K [0x00000000c0000000, 0x00000000c5300000, 0x00000000eab00000)
  object space 84992K, 53% used [0x00000000c0000000,0x00000000c2c2c4a0,0x00000000c5300000)
 Metaspace       used 6629K, capacity 7320K, committed 7680K, reserved 1056768K
  class space    used 622K, capacity 656K, committed 768K, reserved 1048576K

Card table byte_map: [0x0000000011c40000,0x0000000011e50000] byte_map_base: 0x0000000011640000

Marking Bits: (ParMarkBitMap*) 0x0000000055d54040
 Begin Bits: [0x00000000123b0000, 0x00000000133b0000)
 End Bits:   [0x00000000133b0000, 0x00000000143b0000)

Polling page: 0x0000000000850000

CodeCache: size=245760Kb used=10598Kb max_used=10598Kb free=235161Kb
 bounds [0x0000000002880000, 0x00000000032f0000, 0x0000000011880000]
 total_blobs=2545 nmethods=2273 adapters=184
 compilation: enabled

Compilation events (10 events):
Event: 8.759 Thread 0x00000000165fb800 2371 %     3       com.android.dx.dex.file.CodeItem::addContents @ 142 (174 bytes)
Event: 8.760 Thread 0x00000000165fb800 nmethod 2371% 0x00000000032ca0d0 code [0x00000000032ca3e0, 0x00000000032cbde8]
Event: 8.780 Thread 0x00000000165fb800 2373       3       com.android.dx.dex.file.CodeItem::addContents (174 bytes)
Event: 8.781 Thread 0x00000000165fb800 nmethod 2373 0x00000000032c7950 code [0x00000000032c7c60, 0x00000000032c9608]
Event: 8.781 Thread 0x00000000165fb800 2374       3       com.android.dx.dex.code.StdCatchBuilder::hasAnyCatches (57 bytes)
Event: 8.781 Thread 0x00000000165fb800 nmethod 2374 0x00000000032d3ad0 code [0x00000000032d3cc0, 0x00000000032d49f8]
Event: 8.789 Thread 0x00000000165fb800 2375       2       com.android.dx.dex.code.StdCatchBuilder::getCatchTypes (97 bytes)
Event: 8.789 Thread 0x00000000165fb800 nmethod 2375 0x00000000032c6a50 code [0x00000000032c6c60, 0x00000000032c71f8]
Event: 8.852 Thread 0x00000000165fb800 2376       2       com.android.dx.rop.code.SwitchInsn::getCatches (4 bytes)
Event: 8.852 Thread 0x00000000165fb800 nmethod 2376 0x00000000032c6710 code [0x00000000032c6860, 0x00000000032c69b0]

GC Heap History (10 events):
Event: 4.465 GC heap before
{Heap before GC invocations=4 (full 0):
 PSYoungGen      total 36864K, used 36844K [0x00000000eab00000, 0x00000000ef300000, 0x0000000100000000)
  eden space 31744K, 100% used [0x00000000eab00000,0x00000000eca00000,0x00000000eca00000)
  from space 5120K, 99% used [0x00000000eca00000,0x00000000ecefb330,0x00000000ecf00000)
  to   space 5120K, 0% used [0x00000000eee00000,0x00000000eee00000,0x00000000ef300000)
 ParOldGen       total 84992K, used 8331K [0x00000000c0000000, 0x00000000c5300000, 0x00000000eab00000)
  object space 84992K, 9% used [0x00000000c0000000,0x00000000c0822e90,0x00000000c5300000)
 Metaspace       used 6270K, capacity 7152K, committed 7296K, reserved 1056768K
  class space    used 596K, capacity 616K, committed 640K, reserved 1048576K
Event: 4.713 GC heap after
Heap after GC invocations=4 (full 0):
 PSYoungGen      total 68608K, used 5100K [0x00000000eab00000, 0x00000000ef300000, 0x0000000100000000)
  eden space 63488K, 0% used [0x00000000eab00000,0x00000000eab00000,0x00000000ee900000)
  from space 5120K, 99% used [0x00000000eee00000,0x00000000ef2fb330,0x00000000ef300000)
  to   space 5120K, 0% used [0x00000000ee900000,0x00000000ee900000,0x00000000eee00000)
 ParOldGen       total 84992K, used 13113K [0x00000000c0000000, 0x00000000c5300000, 0x00000000eab00000)
  object space 84992K, 15% used [0x00000000c0000000,0x00000000c0cce5d8,0x00000000c5300000)
 Metaspace       used 6270K, capacity 7152K, committed 7296K, reserved 1056768K
  class space    used 596K, capacity 616K, committed 640K, reserved 1048576K
}
Event: 5.692 GC heap before
{Heap before GC invocations=5 (full 0):
 PSYoungGen      total 68608K, used 68588K [0x00000000eab00000, 0x00000000ef300000, 0x0000000100000000)
  eden space 63488K, 100% used [0x00000000eab00000,0x00000000ee900000,0x00000000ee900000)
  from space 5120K, 99% used [0x00000000eee00000,0x00000000ef2fb330,0x00000000ef300000)
  to   space 5120K, 0% used [0x00000000ee900000,0x00000000ee900000,0x00000000eee00000)
 ParOldGen       total 84992K, used 13113K [0x00000000c0000000, 0x00000000c5300000, 0x00000000eab00000)
  object space 84992K, 15% used [0x00000000c0000000,0x00000000c0cce5d8,0x00000000c5300000)
 Metaspace       used 6335K, capacity 7152K, committed 7296K, reserved 1056768K
  class space    used 596K, capacity 616K, committed 640K, reserved 1048576K
Event: 5.717 GC heap after
Heap after GC invocations=5 (full 0):
 PSYoungGen      total 68608K, used 5119K [0x00000000eab00000, 0x00000000f4800000, 0x0000000100000000)
  eden space 63488K, 0% used [0x00000000eab00000,0x00000000eab00000,0x00000000ee900000)
  from space 5120K, 99% used [0x00000000ee900000,0x00000000eedfffb0,0x00000000eee00000)
  to   space 16896K, 0% used [0x00000000f3780000,0x00000000f3780000,0x00000000f4800000)
 ParOldGen       total 84992K, used 23148K [0x00000000c0000000, 0x00000000c5300000, 0x00000000eab00000)
  object space 84992K, 27% used [0x00000000c0000000,0x00000000c169b190,0x00000000c5300000)
 Metaspace       used 6335K, capacity 7152K, committed 7296K, reserved 1056768K
  class space    used 596K, capacity 616K, committed 640K, reserved 1048576K
}
Event: 6.094 GC heap before
{Heap before GC invocations=6 (full 0):
 PSYoungGen      total 68608K, used 68607K [0x00000000eab00000, 0x00000000f4800000, 0x0000000100000000)
  eden space 63488K, 100% used [0x00000000eab00000,0x00000000ee900000,0x00000000ee900000)
  from space 5120K, 99% used [0x00000000ee900000,0x00000000eedfffb0,0x00000000eee00000)
  to   space 16896K, 0% used [0x00000000f3780000,0x00000000f3780000,0x00000000f4800000)
 ParOldGen       total 84992K, used 23148K [0x00000000c0000000, 0x00000000c5300000, 0x00000000eab00000)
  object space 84992K, 27% used [0x00000000c0000000,0x00000000c169b190,0x00000000c5300000)
 Metaspace       used 6391K, capacity 7216K, committed 7296K, reserved 1056768K
  class space    used 596K, capacity 616K, committed 640K, reserved 1048576K
Event: 6.257 GC heap after
Heap after GC invocations=6 (full 0):
 PSYoungGen      total 141824K, used 15655K [0x00000000eab00000, 0x00000000f4c00000, 0x0000000100000000)
  eden space 124928K, 0% used [0x00000000eab00000,0x00000000eab00000,0x00000000f2500000)
  from space 16896K, 92% used [0x00000000f3780000,0x00000000f46c9d60,0x00000000f4800000)
  to   space 18944K, 0% used [0x00000000f2500000,0x00000000f2500000,0x00000000f3780000)
 ParOldGen       total 84992K, used 23148K [0x00000000c0000000, 0x00000000c5300000, 0x00000000eab00000)
  object space 84992K, 27% used [0x00000000c0000000,0x00000000c169b190,0x00000000c5300000)
 Metaspace       used 6391K, capacity 7216K, committed 7296K, reserved 1056768K
  class space    used 596K, capacity 616K, committed 640K, reserved 1048576K
}
Event: 7.685 GC heap before
{Heap before GC invocations=7 (full 0):
 PSYoungGen      total 141824K, used 140583K [0x00000000eab00000, 0x00000000f4c00000, 0x0000000100000000)
  eden space 124928K, 100% used [0x00000000eab00000,0x00000000f2500000,0x00000000f2500000)
  from space 16896K, 92% used [0x00000000f3780000,0x00000000f46c9d60,0x00000000f4800000)
  to   space 18944K, 0% used [0x00000000f2500000,0x00000000f2500000,0x00000000f3780000)
 ParOldGen       total 84992K, used 23148K [0x00000000c0000000, 0x00000000c5300000, 0x00000000eab00000)
  object space 84992K, 27% used [0x00000000c0000000,0x00000000c169b190,0x00000000c5300000)
 Metaspace       used 6507K, capacity 7256K, committed 7424K, reserved 1056768K
  class space    used 616K, capacity 656K, committed 768K, reserved 1048576K
Event: 7.768 GC heap after
Heap after GC invocations=7 (full 0):
 PSYoungGen      total 143872K, used 18924K [0x00000000eab00000, 0x00000000fda00000, 0x0000000100000000)
  eden space 124928K, 0% used [0x00000000eab00000,0x00000000eab00000,0x00000000f2500000)
  from space 18944K, 99% used [0x00000000f2500000,0x00000000f377b390,0x00000000f3780000)
  to   space 30208K, 0% used [0x00000000fbc80000,0x00000000fbc80000,0x00000000fda00000)
 ParOldGen       total 84992K, used 38802K [0x00000000c0000000, 0x00000000c5300000, 0x00000000eab00000)
  object space 84992K, 45% used [0x00000000c0000000,0x00000000c25e4b20,0x00000000c5300000)
 Metaspace       used 6507K, capacity 7256K, committed 7424K, reserved 1056768K
  class space    used 616K, capacity 656K, committed 768K, reserved 1048576K
}
Event: 8.389 GC heap before
{Heap before GC invocations=8 (full 0):
 PSYoungGen      total 143872K, used 143852K [0x00000000eab00000, 0x00000000fda00000, 0x0000000100000000)
  eden space 124928K, 100% used [0x00000000eab00000,0x00000000f2500000,0x00000000f2500000)
  from space 18944K, 99% used [0x00000000f2500000,0x00000000f377b390,0x00000000f3780000)
  to   space 30208K, 0% used [0x00000000fbc80000,0x00000000fbc80000,0x00000000fda00000)
 ParOldGen       total 84992K, used 38802K [0x00000000c0000000, 0x00000000c5300000, 0x00000000eab00000)
  object space 84992K, 45% used [0x00000000c0000000,0x00000000c25e4b20,0x00000000c5300000)
 Metaspace       used 6527K, capacity 7256K, committed 7424K, reserved 1056768K
  class space    used 618K, capacity 656K, committed 768K, reserved 1048576K
Event: 8.483 GC heap after
Heap after GC invocations=8 (full 0):
 PSYoungGen      total 272384K, used 30191K [0x00000000eab00000, 0x00000000fe900000, 0x0000000100000000)
  eden space 242176K, 0% used [0x00000000eab00000,0x00000000eab00000,0x00000000f9780000)
  from space 30208K, 99% used [0x00000000fbc80000,0x00000000fd9fbed8,0x00000000fda00000)
  to   space 37888K, 0% used [0x00000000f9780000,0x00000000f9780000,0x00000000fbc80000)
 ParOldGen       total 84992K, used 45233K [0x00000000c0000000, 0x00000000c5300000, 0x00000000eab00000)
  object space 84992K, 53% used [0x00000000c0000000,0x00000000c2c2c4a0,0x00000000c5300000)
 Metaspace       used 6527K, capacity 7256K, committed 7424K, reserved 1056768K
  class space    used 618K, capacity 656K, committed 768K, reserved 1048576K
}

Deoptimization events (10 events):
Event: 7.001 Thread 0x00000000168ef800 Uncommon trap: reason=unstable_if action=reinterpret pc=0x00000000030db0ec method=com.android.dx.ssa.LiteralOpUpgrader$1.visitNonMoveInsn(Lcom/android/dx/ssa/NormalSsaInsn;)V @ 24
Event: 7.009 Thread 0x00000000168ef800 Uncommon trap: reason=bimorphic action=maybe_recompile pc=0x0000000002e91ad4 method=com.android.dx.ssa.LiteralOpUpgrader.tryReplacingWithConstant(Lcom/android/dx/ssa/NormalSsaInsn;)Z @ 62
Event: 7.302 Thread 0x00000000168f0800 Uncommon trap: reason=unstable_if action=reinterpret pc=0x0000000003206a5c method=java.util.HashMap.putVal(ILjava/lang/Object;Ljava/lang/Object;ZZ)Ljava/lang/Object; @ 109
Event: 7.618 Thread 0x00000000168f5800 Uncommon trap: reason=unstable_if action=reinterpret pc=0x000000000316183c method=java.util.HashMap.putVal(ILjava/lang/Object;Ljava/lang/Object;ZZ)Ljava/lang/Object; @ 162
Event: 8.198 Thread 0x00000000168a2800 Uncommon trap: reason=unstable_if action=reinterpret pc=0x0000000002f31240 method=java.util.HashMap.resize()[Ljava/util/HashMap$Node; @ 206
Event: 8.538 Thread 0x00000000020d0800 Uncommon trap: reason=class_check action=maybe_recompile pc=0x0000000002dab348 method=java.util.Arrays.hashCode([Ljava/lang/Object;)I @ 43
Event: 8.538 Thread 0x00000000020d0800 Uncommon trap: reason=class_check action=maybe_recompile pc=0x0000000002dab348 method=java.util.Arrays.hashCode([Ljava/lang/Object;)I @ 43
Event: 8.538 Thread 0x00000000020d0800 Uncommon trap: reason=class_check action=maybe_recompile pc=0x0000000002dab348 method=java.util.Arrays.hashCode([Ljava/lang/Object;)I @ 43
Event: 8.538 Thread 0x00000000020d0800 Uncommon trap: reason=class_check action=maybe_recompile pc=0x0000000002dab348 method=java.util.Arrays.hashCode([Ljava/lang/Object;)I @ 43
Event: 8.538 Thread 0x00000000020d0800 Uncommon trap: reason=class_check action=maybe_recompile pc=0x0000000002da70e8 method=java.util.Arrays.hashCode([Ljava/lang/Object;)I @ 43

Internal exceptions (7 events):
Event: 0.065 Thread 0x00000000020d0800 Exception <a 'java/lang/NoSuchMethodError': Method sun.misc.Unsafe.defineClass(Ljava/lang/String;[BII)Ljava/lang/Class; name or signature does not match> (0x00000000eab12ef0) thrown at [C:\re\workspace\8-2-build-windows-amd64-cygwin\jdk8u45\3627\hotspot\sr¡Kmï³°?
Event: 0.065 Thread 0x00000000020d0800 Exception <a 'java/lang/NoSuchMethodError': Method sun.misc.Unsafe.prefetchRead(Ljava/lang/Object;J)V name or signature does not match> (0x00000000eab13180) thrown at [C:\re\workspace\8-2-build-windows-amd64-cygwin\jdk8u45\3627\hotspot\src\share\vm\prims\jùdüÒËÀø?
Event: 1.547 Thread 0x00000000168f0800 Implicit null exception at 0x0000000002c50ea2 to 0x0000000002c50fa5
Event: 5.901 Thread 0x00000000168ef800 Implicit null exception at 0x0000000002e5e1be to 0x0000000002e5fab1
Event: 6.821 Thread 0x00000000168a2800 Exception <a 'java/lang/ArrayIndexOutOfBoundsException': 18> (0x00000000eb9a1190) thrown at [C:\re\workspace\8-2-build-windows-amd64-cygwin\jdk8u45\3627\hotspot\src\share\vm\interpreter\interpreterRuntime.cpp, line 366]
Event: 6.822 Thread 0x00000000168a2800 Exception <a 'java/lang/ArrayIndexOutOfBoundsException'> (0x00000000eb9a2c60) thrown at [C:\re\workspace\8-2-build-windows-amd64-cygwin\jdk8u45\3627\hotspot\src\share\vm\runtime\sharedRuntime.cpp, line 605]
Event: 6.830 Thread 0x00000000168a2800 Exception <a 'java/lang/ArrayIndexOutOfBoundsException'> (0x00000000eb9a3e98) thrown at [C:\re\workspace\8-2-build-windows-amd64-cygwin\jdk8u45\3627\hotspot\src\share\vm\runtime\sharedRuntime.cpp, line 605]

Events (10 events):
Event: 8.538 Thread 0x00000000020d0800 DEOPT UNPACKING pc=0x00000000028c582a sp=0x000000000287ec90 mode 2
Event: 8.538 Thread 0x00000000020d0800 Uncommon trap: trap_request=0xffffffde fr.pc=0x0000000002da70e8
Event: 8.538 Thread 0x00000000020d0800 DEOPT PACKING pc=0x0000000002da70e8 sp=0x000000000287ea20
Event: 8.538 Thread 0x00000000020d0800 DEOPT UNPACKING pc=0x00000000028c582a sp=0x000000000287e9a8 mode 2
Event: 8.538 loading class com/android/dx/rop/cst/Zeroes
Event: 8.538 loading class com/android/dx/rop/cst/Zeroes done
Event: 8.633 loading class com/android/dx/dex/file/CatchStructs
Event: 8.633 loading class com/android/dx/dex/file/CatchStructs done
Event: 8.655 Thread 0x00000000020d0800 DEOPT PACKING pc=0x00000000032ba154 sp=0x000000000287ee80
Event: 8.655 Thread 0x00000000020d0800 DEOPT UNPACKING pc=0x00000000028c787f sp=0x000000000287ec10 mode 0


Dynamic libraries:
0x00007ff79ffe0000 - 0x00007ff7a0017000 	E:\Java\jdk1.8.0_45\bin\java.exe
0x00007fff9fc90000 - 0x00007fff9fe51000 	C:\WINDOWS\SYSTEM32\ntdll.dll
0x00007fff9f620000 - 0x00007fff9f6cd000 	C:\WINDOWS\system32\KERNEL32.DLL
0x00007fff9c4f0000 - 0x00007fff9c6d8000 	C:\WINDOWS\system32\KERNELBASE.dll
0x00007fff9dad0000 - 0x00007fff9db77000 	C:\WINDOWS\system32\ADVAPI32.dll
0x00007fff9fa00000 - 0x00007fff9fa9d000 	C:\WINDOWS\system32\msvcrt.dll
0x00007fff9fbc0000 - 0x00007fff9fc1b000 	C:\WINDOWS\system32\sechost.dll
0x00007fff9faa0000 - 0x00007fff9fbbc000 	C:\WINDOWS\system32\RPCRT4.dll
0x00007fff9d970000 - 0x00007fff9dac6000 	C:\WINDOWS\system32\USER32.dll
0x00007fff9f6d0000 - 0x00007fff9f856000 	C:\WINDOWS\system32\GDI32.dll
0x00007fff98390000 - 0x00007fff98604000 	C:\WINDOWS\WinSxS\amd64_microsoft.windows.common-controls_6595b64144ccf1df_6.0.10586.494_none_a2d8b04ea53e3145\COMCTL32.dll
0x00007fff9d640000 - 0x00007fff9d8bd000 	C:\WINDOWS\system32\combase.dll
0x00007fff9c340000 - 0x00007fff9c3aa000 	C:\WINDOWS\system32\bcryptPrimitives.dll
0x00007fff9d920000 - 0x00007fff9d95b000 	C:\WINDOWS\system32\IMM32.DLL
0x00007fff7f130000 - 0x00007fff7f1a3000 	C:\Program Files\BLDBaseService\BLDBaseService64.dll
0x00007fff9df10000 - 0x00007fff9f46c000 	C:\WINDOWS\system32\SHELL32.dll
0x00007fff9c6e0000 - 0x00007fff9c723000 	C:\WINDOWS\system32\cfgmgr32.dll
0x00007fff9c810000 - 0x00007fff9ce55000 	C:\WINDOWS\system32\windows.storage.dll
0x00007fff9d8c0000 - 0x00007fff9d912000 	C:\WINDOWS\system32\shlwapi.dll
0x00007fff9c300000 - 0x00007fff9c30f000 	C:\WINDOWS\system32\kernel.appcore.dll
0x00007fff9c750000 - 0x00007fff9c805000 	C:\WINDOWS\system32\shcore.dll
0x00007fff9c2b0000 - 0x00007fff9c2fb000 	C:\WINDOWS\system32\powrprof.dll
0x00007fff9c310000 - 0x00007fff9c324000 	C:\WINDOWS\system32\profapi.dll
0x00007fff9dbe0000 - 0x00007fff9dd23000 	C:\WINDOWS\system32\ole32.dll
0x00007fff9dd30000 - 0x00007fff9ddf1000 	C:\WINDOWS\system32\OLEAUT32.dll
0x00007fff9f870000 - 0x00007fff9f8db000 	C:\WINDOWS\system32\WS2_32.dll
0x00007fff9c730000 - 0x00007fff9c747000 	C:\WINDOWS\system32\NETAPI32.dll
0x00007fff8f5b0000 - 0x00007fff8f89b000 	C:\WINDOWS\SYSTEM32\WININET.dll
0x00007fff97190000 - 0x00007fff971c8000 	C:\WINDOWS\SYSTEM32\IPHLPAPI.DLL
0x00007fff8c860000 - 0x00007fff8ca17000 	C:\WINDOWS\SYSTEM32\urlmon.dll
0x00007fff90720000 - 0x00007fff90aa4000 	C:\WINDOWS\SYSTEM32\iertutil.dll
0x00007fff7efe0000 - 0x00007fff7f12b000 	C:\Program Files (x86)\HomeSafe\homesafe64.dll
0x0000000056040000 - 0x0000000056112000 	E:\Java\jdk1.8.0_45\jre\bin\msvcr100.dll
0x0000000055550000 - 0x0000000055dd3000 	E:\Java\jdk1.8.0_45\jre\bin\server\jvm.dll
0x00007fff9fc80000 - 0x00007fff9fc88000 	C:\WINDOWS\system32\PSAPI.DLL
0x00007fff96ad0000 - 0x00007fff96ad9000 	C:\WINDOWS\SYSTEM32\WSOCK32.dll
0x00007fff99840000 - 0x00007fff99863000 	C:\WINDOWS\SYSTEM32\WINMM.dll
0x00007fff99010000 - 0x00007fff9901a000 	C:\WINDOWS\SYSTEM32\VERSION.dll
0x00007fff99810000 - 0x00007fff9983c000 	C:\WINDOWS\SYSTEM32\WINMMBASE.dll
0x00000000564b0000 - 0x00000000564bf000 	E:\Java\jdk1.8.0_45\jre\bin\verify.dll
0x0000000056480000 - 0x00000000564a9000 	E:\Java\jdk1.8.0_45\jre\bin\java.dll
0x0000000056460000 - 0x0000000056476000 	E:\Java\jdk1.8.0_45\jre\bin\zip.dll
0x00007fff974e0000 - 0x00007fff9766c000 	C:\WINDOWS\SYSTEM32\dbghelp.dll

VM Arguments:
jvm_args: -Xmx1024M -Dfile.encoding=GBK -Duser.country=CN -Duser.language=zh -Duser.variant 
java_command: com.android.dx.command.Main --dex --num-threads=4 --output D:\puzzle\app\build\intermediates\pre-dexed\debug\classes-857772f29489e68676d4d210bc1bf0a1be433370.jar D:\puzzle\app\build\intermediates\exploded-aar\com.android.support\support-v4\23.2.1\jars\classes.jar
java_class_path (initial): E:\androidSDK\build-tools\23.0.3\lib\dx.jar
Launcher Type: SUN_STANDARD

Environment Variables:
JAVA_HOME=E:\Java\jdk1.8.0_45
CLASSPATH=.;E:\Java\jdk1.8.0_45\lib\dt.jar;E:\Java\jdk1.8.0_45\lib\tools.jar;
PATH=C:\WINDOWS\system32;C:\WINDOWS;C:\WINDOWS\System32\Wbem;C:\WINDOWS\System32\WindowsPowerShell\v1.0\;E:\MinGW\bin;.;E:\Java\jdk1.8.0_45\bin;E:\Java\jdk1.8.0_45\jre\bin;E:\MySQL\MySQL Server 5.5\bin;C:\Program Files\Microsoft SQL Server\110\DTS\Binn\;C:\Program Files (x86)\Microsoft SQL Server\110\Tools\Binn\;C:\Program Files\Microsoft SQL Server\110\Tools\Binn\;C:\Program Files (x86)\Microsoft SQL Server\110\Tools\Binn\ManagementStudio\;C:\Program Files (x86)\Microsoft Visual Studio 10.0\Common7\IDE\PrivateAssemblies\;C:\Program Files (x86)\Microsoft SQL Server\110\DTS\Binn\
USERNAME=Katherine-qj
OS=Windows_NT
PROCESSOR_IDENTIFIER=Intel64 Family 6 Model 60 Stepping 3, GenuineIntel



---------------  S Y S T E M  ---------------

OS: Windows 10.0 , 64 bit Build 10586 (10.0.10586.0)

CPU:total 4 (2 cores per cpu, 2 threads per core) family 6 model 60 stepping 3, cmov, cx8, fxsr, mmx, sse, sse2, sse3, ssse3, sse4.1, sse4.2, popcnt, avx, avx2, aes, clmul, erms, lzcnt, ht, tsc, tscinvbit, bmi1, bmi2

Memory: 4k page, physical 8096224k(1663400k free), swap 8629512k(0k free)

vm_info: Java HotSpot(TM) 64-Bit Server VM (25.45-b02) for windows-amd64 JRE (1.8.0_45-b15), built on Apr 30 2015 12:40:44 by "java_re" with MS VC++ 10.0 (VS2010)

time: Wed Aug 17 22:10:46 2016
elapsed time: 9 seconds (0d 0h 0m 9s)

